[debug] [2018-05-28T11:44:47.029Z] ----------------------------------------------------------------------
[debug] [2018-05-28T11:44:47.033Z] Command:       C:\Program Files\nodejs\node.exe C:\Users\I331896\AppData\Roaming\npm\node_modules\firebase-tools\bin\firebase serve --only functions,hosting
[debug] [2018-05-28T11:44:47.033Z] CLI Version:   3.15.2
[debug] [2018-05-28T11:44:47.034Z] Platform:      win32
[debug] [2018-05-28T11:44:47.034Z] Node Version:  v8.6.0
[debug] [2018-05-28T11:44:47.036Z] Time:          Mon May 28 2018 17:14:47 GMT+0530 (India Standard Time)
[debug] [2018-05-28T11:44:47.036Z] ----------------------------------------------------------------------
[debug] 
[debug] [2018-05-28T11:44:47.057Z] > command requires scopes: ["email","openid","https://www.googleapis.com/auth/cloudplatformprojects.readonly","https://www.googleapis.com/auth/firebase","https://www.googleapis.com/auth/cloud-platform"]
[debug] [2018-05-28T11:44:47.059Z] > authorizing via signed-in user
[debug] [2018-05-28T11:44:47.063Z] >>> HTTP REQUEST GET https://admin.firebase.com/v1/projects/recordandrun-abea2  
 Mon May 28 2018 17:14:47 GMT+0530 (India Standard Time)
[debug] [2018-05-28T11:44:48.307Z] <<< HTTP RESPONSE 200
[debug] [2018-05-28T11:44:48.308Z] >>> HTTP REQUEST GET https://admin.firebase.com/v1/database/recordandrun-abea2/tokens  
 Mon May 28 2018 17:14:48 GMT+0530 (India Standard Time)
[debug] [2018-05-28T11:44:49.254Z] <<< HTTP RESPONSE 200
[info] 
[info] === Serving from 'C:\Firebase\recordRun\recordRunLocalFirebase'...
[info] 
[info] i  functions: Preparing to emulate functions.
[debug] [2018-05-28T11:44:49.943Z] >>> HTTP REQUEST GET https://appengine.googleapis.com/v1/apps/recordandrun-abea2  
 Mon May 28 2018 17:14:49 GMT+0530 (India Standard Time)
[debug] [2018-05-28T11:44:49.943Z] >>> HTTP REQUEST GET https://apikeys.googleapis.com/v1/projects/recordandrun-abea2/apiKeys  
 Mon May 28 2018 17:14:49 GMT+0530 (India Standard Time)
[debug] [2018-05-28T11:44:49.943Z] >>> HTTP REQUEST GET https://cloudresourcemanager.googleapis.com/v1/projects/recordandrun-abea2  
 Mon May 28 2018 17:14:49 GMT+0530 (India Standard Time)
[debug] [2018-05-28T11:44:51.360Z] <<< HTTP RESPONSE 200
[debug] [2018-05-28T11:44:51.361Z] >>> HTTP REQUEST GET https://mobilesdk-pa.googleapis.com/v1/projects/684922040528/clients/_:getWebAppConfig  
 Mon May 28 2018 17:14:51 GMT+0530 (India Standard Time)
[debug] [2018-05-28T11:44:51.423Z] <<< HTTP RESPONSE 200
[debug] [2018-05-28T11:44:51.663Z] <<< HTTP RESPONSE 200
[debug] [2018-05-28T11:44:52.689Z] <<< HTTP RESPONSE 200
[info] i  hosting: Serving hosting files from: public
[info] +  hosting: Local server: http://localhost:5000

[info] +  functions: app: http://localhost:5001/recordandrun-abea2/us-central1/app
[info] [hosting] Rewriting /getTestCase?testCaseName=Post1 to local function app
